SF:lib\models\favorites.dart
DA:7,2
DA:9,1
DA:10,2
DA:11,1
DA:14,1
DA:15,2
DA:16,1
LF:7
LH:7
end_of_record
SF:lib\screens\home_page.dart
DA:10,1
DA:12,1
DA:14,1
DA:15,1
DA:16,1
DA:18,1
DA:19,1
DA:20,0
DA:21,0
DA:28,1
DA:32,1
DA:33,1
DA:34,1
DA:35,2
DA:36,1
DA:38,1
DA:39,2
DA:40,2
DA:43,1
DA:44,4
DA:45,2
DA:46,1
DA:47,3
LF:23
LH:21
end_of_record
SF:lib\screens\favorites_page.dart
DA:8,0
DA:10,0
DA:12,0
DA:13,0
DA:16,0
DA:17,0
DA:18,0
DA:19,0
DA:20,0
DA:21,0
DA:22,0
DA:23,0
DA:25,0
DA:26,0
DA:28,0
DA:29,0
DA:30,0
DA:40,0
LF:18
LH:0
end_of_record
